# JRE version: Java(TM) SE Runtime Environment (8.0_121-b13) (build 1.8.0_121-b13)
# Java VM: Java HotSpot(TM) 64-Bit Server VM (25.121-b13 mixed mode linux-amd64 compressed oops)
Heap:
 PSYoungGen      total 581120K, used 0K [0x00000000d5580000, 0x00000000ff400000, 0x0000000100000000)
  eden space 492032K, 0% used [0x00000000d5580000,0x00000000d5580000,0x00000000f3600000)
  from space 89088K, 0% used [0x00000000f9d00000,0x00000000f9d00000,0x00000000ff400000)
  to   space 97280K, 0% used [0x00000000f3600000,0x00000000f3600000,0x00000000f9500000)
 ParOldGen       total 893440K, used 881857K [0x0000000080000000, 0x00000000b6880000, 0x00000000d5580000)
  object space 893440K, 98% used [0x0000000080000000,0x00000000b5d307b0,0x00000000b6880000)
 Metaspace       used 6632K, capacity 7384K, committed 7680K, reserved 1056768K
  class space    used 626K, capacity 656K, committed 768K, reserved 1048576K
GC Heap History (10 events):
Event: 58.589 GC heap after
Heap after GC invocations=22 (full 4):
 PSYoungGen      total 550400K, used 50613K [0x00000000d5580000, 0x00000000fed80000, 0x0000000100000000)
  eden space 446464K, 0% used [0x00000000d5580000,0x00000000d5580000,0x00000000f0980000)
  from space 103936K, 48% used [0x00000000f8800000,0x00000000fb96d618,0x00000000fed80000)
  to   space 116736K, 0% used [0x00000000f0980000,0x00000000f0980000,0x00000000f7b80000)
 ParOldGen       total 893440K, used 619234K [0x0000000080000000, 0x00000000b6880000, 0x00000000d5580000)
  object space 893440K, 69% used [0x0000000080000000,0x00000000a5cb8b88,0x00000000b6880000)
 Metaspace       used 6608K, capacity 7384K, committed 7680K, reserved 1056768K
  class space    used 623K, capacity 656K, committed 768K, reserved 1048576K
}
Event: 59.053 GC heap before
{Heap before GC invocations=23 (full 4):
 PSYoungGen      total 550400K, used 497077K [0x00000000d5580000, 0x00000000fed80000, 0x0000000100000000)
  eden space 446464K, 100% used [0x00000000d5580000,0x00000000f0980000,0x00000000f0980000)
  from space 103936K, 48% used [0x00000000f8800000,0x00000000fb96d618,0x00000000fed80000)
  to   space 116736K, 0% used [0x00000000f0980000,0x00000000f0980000,0x00000000f7b80000)
 ParOldGen       total 893440K, used 619234K [0x0000000080000000, 0x00000000b6880000, 0x00000000d5580000)
  object space 893440K, 69% used [0x0000000080000000,0x00000000a5cb8b88,0x00000000b6880000)
 Metaspace       used 6609K, capacity 7384K, committed 7680K, reserved 1056768K
  class space    used 623K, capacity 656K, committed 768K, reserved 1048576K
Event: 59.113 GC heap after
Heap after GC invocations=23 (full 4):
 PSYoungGen      total 563200K, used 54740K [0x00000000d5580000, 0x0000000100000000, 0x0000000100000000)
  eden space 446464K, 0% used [0x00000000d5580000,0x00000000d5580000,0x00000000f0980000)
  from space 116736K, 46% used [0x00000000f0980000,0x00000000f3ef5360,0x00000000f7b80000)
  to   space 110592K, 0% used [0x00000000f9400000,0x00000000f9400000,0x0000000100000000)
 ParOldGen       total 893440K, used 667542K [0x0000000080000000, 0x00000000b6880000, 0x00000000d5580000)
  object space 893440K, 74% used [0x0000000080000000,0x00000000a8be5bb8,0x00000000b6880000)
 Metaspace       used 6609K, capacity 7384K, committed 7680K, reserved 1056768K
  class space    used 623K, capacity 656K, committed 768K, reserved 1048576K
}
Event: 60.302 GC heap before
{Heap before GC invocations=24 (full 4):
 PSYoungGen      total 563200K, used 501204K [0x00000000d5580000, 0x0000000100000000, 0x0000000100000000)
  eden space 446464K, 100% used [0x00000000d5580000,0x00000000f0980000,0x00000000f0980000)
  from space 116736K, 46% used [0x00000000f0980000,0x00000000f3ef5360,0x00000000f7b80000)
  to   space 110592K, 0% used [0x00000000f9400000,0x00000000f9400000,0x0000000100000000)
 ParOldGen       total 893440K, used 667542K [0x0000000080000000, 0x00000000b6880000, 0x00000000d5580000)
  object space 893440K, 74% used [0x0000000080000000,0x00000000a8be5bb8,0x00000000b6880000)
 Metaspace       used 6609K, capacity 7384K, committed 7680K, reserved 1056768K
  class space    used 623K, capacity 656K, committed 768K, reserved 1048576K
Event: 60.371 GC heap after
Heap after GC invocations=24 (full 4):
 PSYoungGen      total 565760K, used 55319K [0x00000000d5580000, 0x00000000ff000000, 0x0000000100000000)
  eden space 471552K, 0% used [0x00000000d5580000,0x00000000d5580000,0x00000000f2200000)
  from space 94208K, 58% used [0x00000000f9400000,0x00000000fca05db8,0x00000000ff000000)
  to   space 105472K, 0% used [0x00000000f2200000,0x00000000f2200000,0x00000000f8900000)
 ParOldGen       total 893440K, used 719163K [0x0000000080000000, 0x00000000b6880000, 0x00000000d5580000)
  object space 893440K, 80% used [0x0000000080000000,0x00000000abe4ed88,0x00000000b6880000)
 Metaspace       used 6609K, capacity 7384K, committed 7680K, reserved 1056768K
  class space    used 623K, capacity 656K, committed 768K, reserved 1048576K
}
Event: 60.885 GC heap before
{Heap before GC invocations=25 (full 4):
 PSYoungGen      total 565760K, used 526871K [0x00000000d5580000, 0x00000000ff000000, 0x0000000100000000)
  eden space 471552K, 100% used [0x00000000d5580000,0x00000000f2200000,0x00000000f2200000)
  from space 94208K, 58% used [0x00000000f9400000,0x00000000fca05db8,0x00000000ff000000)
  to   space 105472K, 0% used [0x00000000f2200000,0x00000000f2200000,0x00000000f8900000)
 ParOldGen       total 893440K, used 719163K [0x0000000080000000, 0x00000000b6880000, 0x00000000d5580000)
  object space 893440K, 80% used [0x0000000080000000,0x00000000abe4ed88,0x00000000b6880000)
 Metaspace       used 6609K, capacity 7384K, committed 7680K, reserved 1056768K
  class space    used 623K, capacity 656K, committed 768K, reserved 1048576K
Event: 60.981 GC heap after
Heap after GC invocations=25 (full 4):
 PSYoungGen      total 577024K, used 58028K [0x00000000d5580000, 0x0000000100000000, 0x0000000100000000)
  eden space 471552K, 0% used [0x00000000d5580000,0x00000000d5580000,0x00000000f2200000)
  from space 105472K, 55% used [0x00000000f2200000,0x00000000f5aab358,0x00000000f8900000)
  to   space 101376K, 0% used [0x00000000f9d00000,0x00000000f9d00000,0x0000000100000000)
 ParOldGen       total 893440K, used 773568K [0x0000000080000000, 0x00000000b6880000, 0x00000000d5580000)
  object space 893440K, 86% used [0x0000000080000000,0x00000000af370218,0x00000000b6880000)
 Metaspace       used 6609K, capacity 7384K, committed 7680K, reserved 1056768K
  class space    used 623K, capacity 656K, committed 768K, reserved 1048576K
}
Event: 62.568 GC heap before
{Heap before GC invocations=26 (full 4):
 PSYoungGen      total 577024K, used 529580K [0x00000000d5580000, 0x0000000100000000, 0x0000000100000000)
  eden space 471552K, 100% used [0x00000000d5580000,0x00000000f2200000,0x00000000f2200000)
  from space 105472K, 55% used [0x00000000f2200000,0x00000000f5aab358,0x00000000f8900000)
  to   space 101376K, 0% used [0x00000000f9d00000,0x00000000f9d00000,0x0000000100000000)
 ParOldGen       total 893440K, used 773568K [0x0000000080000000, 0x00000000b6880000, 0x00000000d5580000)
  object space 893440K, 86% used [0x0000000080000000,0x00000000af370218,0x00000000b6880000)
 Metaspace       used 6632K, capacity 7384K, committed 7680K, reserved 1056768K
  class space    used 626K, capacity 656K, committed 768K, reserved 1048576K
Event: 62.724 GC heap after
Heap after GC invocations=26 (full 4):
 PSYoungGen      total 581120K, used 56897K [0x00000000d5580000, 0x00000000ff400000, 0x0000000100000000)
  eden space 492032K, 0% used [0x00000000d5580000,0x00000000d5580000,0x00000000f3600000)
  from space 89088K, 63% used [0x00000000f9d00000,0x00000000fd490610,0x00000000ff400000)
  to   space 97280K, 0% used [0x00000000f3600000,0x00000000f3600000,0x00000000f9500000)
 ParOldGen       total 893440K, used 830315K [0x0000000080000000, 0x00000000b6880000, 0x00000000d5580000)
  object space 893440K, 92% used [0x0000000080000000,0x00000000b2adad80,0x00000000b6880000)
 Metaspace       used 6632K, capacity 7384K, committed 7680K, reserved 1056768K
  class space    used 626K, capacity 656K, committed 768K, reserved 1048576K
}
Event: 62.724 GC heap before
{Heap before GC invocations=27 (full 5):
 PSYoungGen      total 581120K, used 56897K [0x00000000d5580000, 0x00000000ff400000, 0x0000000100000000)
  eden space 492032K, 0% used [0x00000000d5580000,0x00000000d5580000,0x00000000f3600000)
  from space 89088K, 63% used [0x00000000f9d00000,0x00000000fd490610,0x00000000ff400000)
  to   space 97280K, 0% used [0x00000000f3600000,0x00000000f3600000,0x00000000f9500000)
 ParOldGen       total 893440K, used 830315K [0x0000000080000000, 0x00000000b6880000, 0x00000000d5580000)
  object space 893440K, 92% used [0x0000000080000000,0x00000000b2adad80,0x00000000b6880000)
 Metaspace       used 6632K, capacity 7384K, committed 7680K, reserved 1056768K
  class space    used 626K, capacity 656K, committed 768K, reserved 1048576K

